[0.087s] DEBUG:colcon:Command line arguments: ['/usr/bin/colcon', 'build', '--symlink-install']
[0.087s] DEBUG:colcon:Parsed command line arguments: Namespace(log_base=None, log_level=None, verb_name='build', build_base='build', install_base='install', merge_install=False, symlink_install=True, test_result_base=None, continue_on_error=False, executor='parallel', parallel_workers=8, event_handlers=None, ignore_user_meta=False, metas=['./colcon.meta'], base_paths=['.'], packages_ignore=None, packages_ignore_regex=None, paths=None, packages_up_to=None, packages_up_to_regex=None, packages_above=None, packages_above_and_dependencies=None, packages_above_depth=None, packages_select_by_dep=None, packages_skip_by_dep=None, packages_skip_up_to=None, packages_select_build_failed=False, packages_skip_build_finished=False, packages_select_test_failures=False, packages_skip_test_passed=False, packages_select=None, packages_skip=None, packages_select_regex=None, packages_skip_regex=None, packages_start=None, packages_end=None, allow_overriding=[], cmake_args=None, cmake_target=None, cmake_target_skip_unavailable=False, cmake_clean_cache=False, cmake_clean_first=False, cmake_force_configure=False, ament_cmake_args=None, catkin_cmake_args=None, catkin_skip_building_tests=False, verb_parser=<colcon_defaults.argument_parser.defaults.DefaultArgumentsDecorator object at 0x7bc526864250>, verb_extension=<colcon_core.verb.build.BuildVerb object at 0x7bc526961570>, main=<bound method BuildVerb.main of <colcon_core.verb.build.BuildVerb object at 0x7bc526961570>>)
[0.220s] Level 1:colcon.colcon_core.package_discovery:discover_packages(colcon_meta) check parameters
[0.220s] Level 1:colcon.colcon_core.package_discovery:discover_packages(recursive) check parameters
[0.220s] Level 1:colcon.colcon_core.package_discovery:discover_packages(ignore) check parameters
[0.220s] Level 1:colcon.colcon_core.package_discovery:discover_packages(path) check parameters
[0.220s] Level 1:colcon.colcon_core.package_discovery:discover_packages(colcon_meta) discover
[0.220s] Level 1:colcon.colcon_core.package_discovery:discover_packages(recursive) discover
[0.220s] INFO:colcon.colcon_core.package_discovery:Crawling recursively for packages in '/home/tanya/Escritorio/Real_sense/RealSense'
[0.220s] Level 1:colcon.colcon_core.package_identification:_identify(.) by extensions ['ignore', 'ignore_ament_install']
[0.220s] Level 1:colcon.colcon_core.package_identification:_identify(.) by extension 'ignore'
[0.220s] Level 1:colcon.colcon_core.package_identification:_identify(.) by extension 'ignore_ament_install'
[0.220s] Level 1:colcon.colcon_core.package_identification:_identify(.) by extensions ['colcon_pkg']
[0.220s] Level 1:colcon.colcon_core.package_identification:_identify(.) by extension 'colcon_pkg'
[0.220s] Level 1:colcon.colcon_core.package_identification:_identify(.) by extensions ['colcon_meta']
[0.220s] Level 1:colcon.colcon_core.package_identification:_identify(.) by extension 'colcon_meta'
[0.220s] Level 1:colcon.colcon_core.package_identification:_identify(.) by extensions ['ros']
[0.220s] Level 1:colcon.colcon_core.package_identification:_identify(.) by extension 'ros'
[0.231s] DEBUG:colcon.colcon_core.package_identification:Package '.' with type 'ros.ament_python' and name 'realsense_image_saver'
[0.231s] Level 1:colcon.colcon_core.package_discovery:discover_packages(recursive) using defaults
[0.231s] Level 1:colcon.colcon_core.package_discovery:discover_packages(ignore) discover
[0.231s] Level 1:colcon.colcon_core.package_discovery:discover_packages(ignore) using defaults
[0.231s] Level 1:colcon.colcon_core.package_discovery:discover_packages(path) discover
[0.231s] Level 1:colcon.colcon_core.package_discovery:discover_packages(path) using defaults
[0.247s] Level 1:colcon.colcon_core.package_discovery:discover_packages(prefix_path) check parameters
[0.247s] Level 1:colcon.colcon_core.package_discovery:discover_packages(prefix_path) discover
[0.248s] WARNING:colcon.colcon_ros.prefix_path.ament:The path '/home/tanya/Escritorio/Real_sense/RealSense/install/realsense_image_saver' in the environment variable AMENT_PREFIX_PATH doesn't exist
[0.248s] DEBUG:colcon.colcon_installed_package_information.package_discovery:Found 0 installed packages in /home/tanya/Escritorio/Real_sense/RealSense/install
[0.249s] DEBUG:colcon.colcon_installed_package_information.package_discovery:Found 283 installed packages in /opt/ros/humble
[0.260s] Level 1:colcon.colcon_core.package_discovery:discover_packages(prefix_path) using defaults
[0.292s] Level 5:colcon.colcon_core.verb:set package 'realsense_image_saver' build argument 'cmake_args' from command line to 'None'
[0.292s] Level 5:colcon.colcon_core.verb:set package 'realsense_image_saver' build argument 'cmake_target' from command line to 'None'
[0.292s] Level 5:colcon.colcon_core.verb:set package 'realsense_image_saver' build argument 'cmake_target_skip_unavailable' from command line to 'False'
[0.292s] Level 5:colcon.colcon_core.verb:set package 'realsense_image_saver' build argument 'cmake_clean_cache' from command line to 'False'
[0.292s] Level 5:colcon.colcon_core.verb:set package 'realsense_image_saver' build argument 'cmake_clean_first' from command line to 'False'
[0.292s] Level 5:colcon.colcon_core.verb:set package 'realsense_image_saver' build argument 'cmake_force_configure' from command line to 'False'
[0.292s] Level 5:colcon.colcon_core.verb:set package 'realsense_image_saver' build argument 'ament_cmake_args' from command line to 'None'
[0.292s] Level 5:colcon.colcon_core.verb:set package 'realsense_image_saver' build argument 'catkin_cmake_args' from command line to 'None'
[0.292s] Level 5:colcon.colcon_core.verb:set package 'realsense_image_saver' build argument 'catkin_skip_building_tests' from command line to 'False'
[0.292s] DEBUG:colcon.colcon_core.verb:Building package 'realsense_image_saver' with the following arguments: {'ament_cmake_args': None, 'build_base': '/home/tanya/Escritorio/Real_sense/RealSense/build/realsense_image_saver', 'catkin_cmake_args': None, 'catkin_skip_building_tests': False, 'cmake_args': None, 'cmake_clean_cache': False, 'cmake_clean_first': False, 'cmake_force_configure': False, 'cmake_target': None, 'cmake_target_skip_unavailable': False, 'install_base': '/home/tanya/Escritorio/Real_sense/RealSense/install/realsense_image_saver', 'merge_install': False, 'path': '/home/tanya/Escritorio/Real_sense/RealSense', 'symlink_install': True, 'test_result_base': None}
[0.292s] INFO:colcon.colcon_core.executor:Executing jobs using 'parallel' executor
[0.293s] DEBUG:colcon.colcon_parallel_executor.executor.parallel:run_until_complete
[0.293s] INFO:colcon.colcon_ros.task.ament_python.build:Building ROS package in '/home/tanya/Escritorio/Real_sense/RealSense' with build type 'ament_python'
[0.293s] Level 1:colcon.colcon_core.shell:create_environment_hook('realsense_image_saver', 'ament_prefix_path')
[0.295s] INFO:colcon.colcon_core.plugin_system:Skipping extension 'colcon_core.shell.bat': Not used on non-Windows systems
[0.295s] INFO:colcon.colcon_core.shell:Creating environment hook '/home/tanya/Escritorio/Real_sense/RealSense/install/realsense_image_saver/share/realsense_image_saver/hook/ament_prefix_path.ps1'
[0.296s] INFO:colcon.colcon_core.shell:Creating environment descriptor '/home/tanya/Escritorio/Real_sense/RealSense/install/realsense_image_saver/share/realsense_image_saver/hook/ament_prefix_path.dsv'
[0.297s] INFO:colcon.colcon_core.shell:Creating environment hook '/home/tanya/Escritorio/Real_sense/RealSense/install/realsense_image_saver/share/realsense_image_saver/hook/ament_prefix_path.sh'
[0.297s] INFO:colcon.colcon_core.shell:Skip shell extension 'powershell' for command environment: Not usable outside of PowerShell
[0.297s] DEBUG:colcon.colcon_core.shell:Skip shell extension 'dsv' for command environment
[0.514s] INFO:colcon.colcon_core.task.python.build:Building Python package in '/home/tanya/Escritorio/Real_sense/RealSense'
[0.514s] INFO:colcon.colcon_core.shell:Skip shell extension 'powershell' for command environment: Not usable outside of PowerShell
[0.514s] DEBUG:colcon.colcon_core.shell:Skip shell extension 'dsv' for command environment
[0.784s] DEBUG:colcon.colcon_core.event_handler.log_command:Invoking command in '/home/tanya/Escritorio/Real_sense/RealSense/build/realsense_image_saver': PYTHONPATH=/home/tanya/Escritorio/Real_sense/RealSense/build/realsense_image_saver/prefix_override:/usr/lib/python3/dist-packages/colcon_core/task/python/colcon_distutils_commands:/home/tanya/Escritorio/Real_sense/RealSense/install/realsense_image_saver/lib/python3.10/site-packages:${PYTHONPATH} /usr/bin/python3 -W ignore:setup.py install is deprecated -W ignore:easy_install command is deprecated setup.py develop --editable --build-directory /home/tanya/Escritorio/Real_sense/RealSense/build/realsense_image_saver/build --no-deps symlink_data
[1.157s] Level 1:colcon.colcon_core.shell:create_environment_hook('realsense_image_saver', 'pythonpath_develop')
[1.158s] INFO:colcon.colcon_core.shell:Creating environment hook '/home/tanya/Escritorio/Real_sense/RealSense/build/realsense_image_saver/share/realsense_image_saver/hook/pythonpath_develop.ps1'
[1.158s] DEBUG:colcon.colcon_core.event_handler.log_command:Invoked command in '/home/tanya/Escritorio/Real_sense/RealSense/build/realsense_image_saver' returned '0': PYTHONPATH=/home/tanya/Escritorio/Real_sense/RealSense/build/realsense_image_saver/prefix_override:/usr/lib/python3/dist-packages/colcon_core/task/python/colcon_distutils_commands:/home/tanya/Escritorio/Real_sense/RealSense/install/realsense_image_saver/lib/python3.10/site-packages:${PYTHONPATH} /usr/bin/python3 -W ignore:setup.py install is deprecated -W ignore:easy_install command is deprecated setup.py develop --editable --build-directory /home/tanya/Escritorio/Real_sense/RealSense/build/realsense_image_saver/build --no-deps symlink_data
[1.158s] INFO:colcon.colcon_core.shell:Creating environment descriptor '/home/tanya/Escritorio/Real_sense/RealSense/build/realsense_image_saver/share/realsense_image_saver/hook/pythonpath_develop.dsv'
[1.159s] INFO:colcon.colcon_core.shell:Creating environment hook '/home/tanya/Escritorio/Real_sense/RealSense/build/realsense_image_saver/share/realsense_image_saver/hook/pythonpath_develop.sh'
[1.161s] Level 1:colcon.colcon_core.environment:checking '/home/tanya/Escritorio/Real_sense/RealSense/install/realsense_image_saver' for CMake module files
[1.161s] Level 1:colcon.colcon_core.environment:checking '/home/tanya/Escritorio/Real_sense/RealSense/install/realsense_image_saver' for CMake config files
[1.162s] Level 1:colcon.colcon_core.environment:checking '/home/tanya/Escritorio/Real_sense/RealSense/install/realsense_image_saver/lib'
[1.162s] Level 1:colcon.colcon_core.environment:checking '/home/tanya/Escritorio/Real_sense/RealSense/install/realsense_image_saver/bin'
[1.162s] Level 1:colcon.colcon_core.shell:create_environment_hook('realsense_image_saver', 'path')
[1.162s] INFO:colcon.colcon_core.shell:Creating environment hook '/home/tanya/Escritorio/Real_sense/RealSense/install/realsense_image_saver/share/realsense_image_saver/hook/path.ps1'
[1.163s] INFO:colcon.colcon_core.shell:Creating environment descriptor '/home/tanya/Escritorio/Real_sense/RealSense/install/realsense_image_saver/share/realsense_image_saver/hook/path.dsv'
[1.163s] INFO:colcon.colcon_core.shell:Creating environment hook '/home/tanya/Escritorio/Real_sense/RealSense/install/realsense_image_saver/share/realsense_image_saver/hook/path.sh'
[1.163s] Level 1:colcon.colcon_core.environment:checking '/home/tanya/Escritorio/Real_sense/RealSense/install/realsense_image_saver/lib/pkgconfig/realsense_image_saver.pc'
[1.163s] Level 1:colcon.colcon_core.environment:checking '/home/tanya/Escritorio/Real_sense/RealSense/install/realsense_image_saver/lib/python3.10/site-packages'
[1.163s] Level 1:colcon.colcon_core.shell:create_environment_hook('realsense_image_saver', 'pythonpath')
[1.164s] INFO:colcon.colcon_core.shell:Creating environment hook '/home/tanya/Escritorio/Real_sense/RealSense/install/realsense_image_saver/share/realsense_image_saver/hook/pythonpath.ps1'
[1.164s] INFO:colcon.colcon_core.shell:Creating environment descriptor '/home/tanya/Escritorio/Real_sense/RealSense/install/realsense_image_saver/share/realsense_image_saver/hook/pythonpath.dsv'
[1.164s] INFO:colcon.colcon_core.shell:Creating environment hook '/home/tanya/Escritorio/Real_sense/RealSense/install/realsense_image_saver/share/realsense_image_saver/hook/pythonpath.sh'
[1.164s] Level 1:colcon.colcon_core.environment:checking '/home/tanya/Escritorio/Real_sense/RealSense/install/realsense_image_saver/bin'
[1.165s] Level 1:colcon.colcon_core.shell:create_environment_hook('realsense_image_saver', 'pythonscriptspath')
[1.165s] INFO:colcon.colcon_core.shell:Creating environment hook '/home/tanya/Escritorio/Real_sense/RealSense/install/realsense_image_saver/share/realsense_image_saver/hook/pythonscriptspath.ps1'
[1.165s] INFO:colcon.colcon_core.shell:Creating environment descriptor '/home/tanya/Escritorio/Real_sense/RealSense/install/realsense_image_saver/share/realsense_image_saver/hook/pythonscriptspath.dsv'
[1.165s] INFO:colcon.colcon_core.shell:Creating environment hook '/home/tanya/Escritorio/Real_sense/RealSense/install/realsense_image_saver/share/realsense_image_saver/hook/pythonscriptspath.sh'
[1.166s] Level 1:colcon.colcon_core.environment:create_environment_scripts_only(realsense_image_saver)
[1.166s] INFO:colcon.colcon_core.shell:Creating package script '/home/tanya/Escritorio/Real_sense/RealSense/install/realsense_image_saver/share/realsense_image_saver/package.ps1'
[1.167s] INFO:colcon.colcon_core.shell:Creating package descriptor '/home/tanya/Escritorio/Real_sense/RealSense/install/realsense_image_saver/share/realsense_image_saver/package.dsv'
[1.167s] INFO:colcon.colcon_core.shell:Creating package script '/home/tanya/Escritorio/Real_sense/RealSense/install/realsense_image_saver/share/realsense_image_saver/package.sh'
[1.168s] INFO:colcon.colcon_core.shell:Creating package script '/home/tanya/Escritorio/Real_sense/RealSense/install/realsense_image_saver/share/realsense_image_saver/package.bash'
[1.169s] INFO:colcon.colcon_core.shell:Creating package script '/home/tanya/Escritorio/Real_sense/RealSense/install/realsense_image_saver/share/realsense_image_saver/package.zsh'
[1.169s] Level 1:colcon.colcon_core.environment:create_file_with_runtime_dependencies(/home/tanya/Escritorio/Real_sense/RealSense/install/realsense_image_saver/share/colcon-core/packages/realsense_image_saver)
[1.169s] DEBUG:colcon.colcon_parallel_executor.executor.parallel:closing loop
[1.170s] DEBUG:colcon.colcon_parallel_executor.executor.parallel:loop closed
[1.170s] DEBUG:colcon.colcon_parallel_executor.executor.parallel:run_until_complete finished with '0'
[1.170s] DEBUG:colcon.colcon_core.event_reactor:joining thread
[1.176s] INFO:colcon.colcon_core.plugin_system:Skipping extension 'colcon_notification.desktop_notification.terminal_notifier': Not used on non-Darwin systems
[1.176s] INFO:colcon.colcon_core.plugin_system:Skipping extension 'colcon_notification.desktop_notification.win32': Not used on non-Windows systems
[1.176s] INFO:colcon.colcon_notification.desktop_notification:Sending desktop notification using 'notify2'
[1.188s] DEBUG:colcon.colcon_core.event_reactor:joined thread
[1.188s] INFO:colcon.colcon_core.shell:Creating prefix script '/home/tanya/Escritorio/Real_sense/RealSense/install/local_setup.ps1'
[1.189s] INFO:colcon.colcon_core.shell:Creating prefix util module '/home/tanya/Escritorio/Real_sense/RealSense/install/_local_setup_util_ps1.py'
[1.190s] INFO:colcon.colcon_core.shell:Creating prefix chain script '/home/tanya/Escritorio/Real_sense/RealSense/install/setup.ps1'
[1.191s] INFO:colcon.colcon_core.shell:Creating prefix script '/home/tanya/Escritorio/Real_sense/RealSense/install/local_setup.sh'
[1.191s] INFO:colcon.colcon_core.shell:Creating prefix util module '/home/tanya/Escritorio/Real_sense/RealSense/install/_local_setup_util_sh.py'
[1.192s] INFO:colcon.colcon_core.shell:Creating prefix chain script '/home/tanya/Escritorio/Real_sense/RealSense/install/setup.sh'
[1.193s] INFO:colcon.colcon_core.shell:Creating prefix script '/home/tanya/Escritorio/Real_sense/RealSense/install/local_setup.bash'
[1.193s] INFO:colcon.colcon_core.shell:Creating prefix chain script '/home/tanya/Escritorio/Real_sense/RealSense/install/setup.bash'
[1.194s] INFO:colcon.colcon_core.shell:Creating prefix script '/home/tanya/Escritorio/Real_sense/RealSense/install/local_setup.zsh'
[1.194s] INFO:colcon.colcon_core.shell:Creating prefix chain script '/home/tanya/Escritorio/Real_sense/RealSense/install/setup.zsh'
