running develop
running egg_info
creating realsense_image_saver.egg-info
writing realsense_image_saver.egg-info/PKG-INFO
writing dependency_links to realsense_image_saver.egg-info/dependency_links.txt
writing entry points to realsense_image_saver.egg-info/entry_points.txt
writing requirements to realsense_image_saver.egg-info/requires.txt
writing top-level names to realsense_image_saver.egg-info/top_level.txt
writing manifest file 'realsense_image_saver.egg-info/SOURCES.txt'
reading manifest file 'realsense_image_saver.egg-info/SOURCES.txt'
writing manifest file 'realsense_image_saver.egg-info/SOURCES.txt'
running build_ext
Creating /home/tanya/Escritorio/Real_sense/RealSense/install/realsense_image_saver/lib/python3.10/site-packages/realsense-image-saver.egg-link (link to .)
Installing capture_images script to /home/tanya/Escritorio/Real_sense/RealSense/install/realsense_image_saver/bin

Installed /home/tanya/Escritorio/Real_sense/RealSense/build/realsense_image_saver
running symlink_data
creating /home/tanya/Escritorio/Real_sense/RealSense/install/realsense_image_saver/share/ament_index
creating /home/tanya/Escritorio/Real_sense/RealSense/install/realsense_image_saver/share/ament_index/resource_index
creating /home/tanya/Escritorio/Real_sense/RealSense/install/realsense_image_saver/share/ament_index/resource_index/packages
symbolically linking /home/tanya/Escritorio/Real_sense/RealSense/build/realsense_image_saver/resource/realsense_image_saver -> /home/tanya/Escritorio/Real_sense/RealSense/install/realsense_image_saver/share/ament_index/resource_index/packages
symbolically linking /home/tanya/Escritorio/Real_sense/RealSense/build/realsense_image_saver/package.xml -> /home/tanya/Escritorio/Real_sense/RealSense/install/realsense_image_saver/share/realsense_image_saver
